Build started 27/09/2014 9:13:12 PM.
     1>Project "C:\Users\Alastair\Documents\KGE\KG Engine Base\KG Engine Base.vcxproj" on node 2 (Build target(s)).
     1>ClCompile:
         Z:\Visual Studio 2013\VC\bin\CL.exe /c /IC:\Users\Alastair\Documents\KGE\include /ZI /nologo /W3 /WX- /Od /Oy- /D _MBCS /Gm /EHsc /RTC1 /MDd /GS /fp:precise /Zc:wchar_t /Zc:forScope /Fo"Debug\\" /Fd"Debug\vc120.pdb" /Gd /TP /analyze- /errorReport:prompt DirectX.cpp OGL.cpp engine.cpp keyboard.cpp loadShadersOGL.cpp math.cpp matricies.cpp objectProperties.cpp osXSupport.cpp test.cpp winSupport.cpp
         winSupport.cpp
         test.cpp
         matricies.cpp
         math.cpp
     1>c:\users\alastair\documents\kge\kg engine base\math.cpp(264): warning C4244: 'return' : conversion from 'float' to 'int', possible loss of data
         loadShadersOGL.cpp
         keyboard.cpp
         engine.cpp
         Generating Code...
         Compiling...
         osXSupport.cpp
         objectProperties.cpp
     1>c:\users\alastair\documents\kge\kg engine base\objectproperties.cpp(46): warning C4996: 'strcpy': This function or variable may be unsafe. Consider using strcpy_s instead. To disable deprecation, use _CRT_SECURE_NO_WARNINGS. See online help for details.
                 z:\visual studio 2013\vc\include\string.h(112) : see declaration of 'strcpy'
         OGL.cpp
         DirectX.cpp
         Generating Code...
       Link:
         Z:\Visual Studio 2013\VC\bin\link.exe /ERRORREPORT:PROMPT /OUT:"C:\Users\Alastair\Documents\KGE\Debug\KG Engine Base.exe" /INCREMENTAL /NOLOGO /LIBPATH:C:\Users\Alastair\Documents\KGE\lib opengl32.lib glu32.lib glew32s.lib glfw3.lib kernel32.lib user32.lib gdi32.lib winspool.lib comdlg32.lib advapi32.lib shell32.lib ole32.lib oleaut32.lib uuid.lib odbc32.lib odbccp32.lib /MANIFEST /MANIFESTUAC:"level='asInvoker' uiAccess='false'" /manifest:embed /DEBUG /PDB:"C:\Users\Alastair\Documents\KGE\Debug\KG Engine Base.pdb" /TLBID:1 /DYNAMICBASE /NXCOMPAT /IMPLIB:"C:\Users\Alastair\Documents\KGE\Debug\KG Engine Base.lib" /MACHINE:X86 Debug\colour.obj
         Debug\DirectX.obj
         Debug\engine.obj
         Debug\keyboard.obj
         Debug\loadShadersOGL.obj
         Debug\math.obj
         Debug\matricies.obj
         Debug\object.obj
         Debug\objectList.obj
         Debug\objectProperties.obj
         Debug\OGL.obj
         Debug\operators.obj
         Debug\osXSupport.obj
         Debug\Quaternion.obj
         Debug\scene.obj
         Debug\test.obj
         Debug\testChild.obj
         Debug\testParent.obj
         Debug\testScene.obj
         Debug\vectors.obj
         Debug\winSupport.obj
     1>LINK : warning LNK4098: defaultlib 'MSVCRT' conflicts with use of other libs; use /NODEFAULTLIB:library
     1>loadShadersOGL.obj : warning LNK4049: locally defined symbol ___glewAttachShader imported
     1>loadShadersOGL.obj : warning LNK4049: locally defined symbol ___glewCompileShader imported
     1>loadShadersOGL.obj : warning LNK4049: locally defined symbol ___glewCreateProgram imported
     1>loadShadersOGL.obj : warning LNK4049: locally defined symbol ___glewCreateShader imported
     1>loadShadersOGL.obj : warning LNK4049: locally defined symbol ___glewDeleteShader imported
     1>loadShadersOGL.obj : warning LNK4049: locally defined symbol ___glewGetProgramInfoLog imported
     1>loadShadersOGL.obj : warning LNK4049: locally defined symbol ___glewGetProgramiv imported
     1>loadShadersOGL.obj : warning LNK4049: locally defined symbol ___glewGetShaderInfoLog imported
     1>loadShadersOGL.obj : warning LNK4049: locally defined symbol ___glewGetShaderiv imported
     1>loadShadersOGL.obj : warning LNK4049: locally defined symbol ___glewLinkProgram imported
     1>loadShadersOGL.obj : warning LNK4049: locally defined symbol ___glewShaderSource imported
     1>glew32s.lib(glew.obj) : warning LNK4099: PDB 'vc100.pdb' was not found with 'glew32s.lib(glew.obj)' or at 'C:\Users\Alastair\Documents\KGE\Debug\vc100.pdb'; linking object as if no debug info
         KG Engine Base.vcxproj -> C:\Users\Alastair\Documents\KGE\Debug\KG Engine Base.exe
     1>Done Building Project "C:\Users\Alastair\Documents\KGE\KG Engine Base\KG Engine Base.vcxproj" (Build target(s)).

Build succeeded.

Time Elapsed 00:00:04.22
