Build started 26/07/2014 1:53:57 AM.
     1>Project "C:\Users\Alastair\Documents\KGE\KG Engine Base\KG Engine Base.vcxproj" on node 2 (build target(s)).
     1>InitializeBuildStatus:
         Touching "Release\KG Engine Base.unsuccessfulbuild".
       ClCompile:
         z:\Visual Studio 2010\VC\bin\CL.exe /c /IC:\Users\Alastair\Documents\KGE\include /Zi /nologo /W3 /WX- /O2 /Oi /Oy- /GL /D _MBCS /Gm- /EHsc /MD /GS /Gy /fp:precise /Zc:wchar_t /Zc:forScope /Fo"Release\\" /Fd"Release\vc100.pdb" /Gd /TP /analyze- /errorReport:prompt OGL.cpp
         OGL.cpp
       Link:
         z:\Visual Studio 2010\VC\bin\link.exe /ERRORREPORT:PROMPT /OUT:"C:\Users\Alastair\Documents\KGE\Release\KG Engine Base.exe" /NOLOGO /LIBPATH:C:\Users\Alastair\Documents\KGE\lib opengl32.lib glu32.lib glew32s.lib glfw3.lib kernel32.lib user32.lib gdi32.lib winspool.lib comdlg32.lib advapi32.lib shell32.lib ole32.lib oleaut32.lib uuid.lib odbc32.lib odbccp32.lib /MANIFEST /ManifestFile:"Release\KG Engine Base.exe.intermediate.manifest" /MANIFESTUAC:"level='asInvoker' uiAccess='false'" /DEBUG /PDB:"C:\Users\Alastair\Documents\KGE\Release\KG Engine Base.pdb" /OPT:REF /OPT:ICF /LTCG /TLBID:1 /DYNAMICBASE /NXCOMPAT /IMPLIB:"C:\Users\Alastair\Documents\KGE\Release\KG Engine Base.lib" /MACHINE:X86 Release\colour.obj
         Release\DirectX.obj
         Release\engine.obj
         Release\keyboard.obj
         Release\loadShadersOGL.obj
         Release\math.obj
         Release\matricies.obj
         Release\object.obj
         Release\objectList.obj
         Release\objectProperties.obj
         Release\OGL.obj
         Release\operators.obj
         Release\osXSupport.obj
         Release\Quaternion.obj
         Release\scene.obj
         Release\test.obj
         Release\testChild.obj
         Release\testParent.obj
         Release\testScene.obj
         Release\vectors.obj
         Release\winSupport.obj
         Generating code
         Finished generating code
     1>loadShadersOGL.obj : warning LNK4049: locally defined symbol ___glewAttachShader imported
     1>loadShadersOGL.obj : warning LNK4049: locally defined symbol ___glewCompileShader imported
     1>loadShadersOGL.obj : warning LNK4049: locally defined symbol ___glewCreateProgram imported
     1>loadShadersOGL.obj : warning LNK4049: locally defined symbol ___glewCreateShader imported
     1>loadShadersOGL.obj : warning LNK4049: locally defined symbol ___glewDeleteShader imported
     1>loadShadersOGL.obj : warning LNK4049: locally defined symbol ___glewGetProgramInfoLog imported
     1>loadShadersOGL.obj : warning LNK4049: locally defined symbol ___glewGetProgramiv imported
     1>loadShadersOGL.obj : warning LNK4049: locally defined symbol ___glewGetShaderInfoLog imported
     1>loadShadersOGL.obj : warning LNK4049: locally defined symbol ___glewGetShaderiv imported
     1>loadShadersOGL.obj : warning LNK4049: locally defined symbol ___glewLinkProgram imported
     1>loadShadersOGL.obj : warning LNK4049: locally defined symbol ___glewShaderSource imported
         KG Engine Base.vcxproj -> C:\Users\Alastair\Documents\KGE\Release\KG Engine Base.exe
       Manifest:
         C:\Program Files (x86)\Microsoft SDKs\Windows\v7.0A\bin\mt.exe /nologo /verbose /outputresource:"C:\Users\Alastair\Documents\KGE\Release\KG Engine Base.exe;#1" /manifest "Release\KG Engine Base.exe.intermediate.manifest"
       FinalizeBuildStatus:
         Deleting file "Release\KG Engine Base.unsuccessfulbuild".
         Touching "Release\KG Engine Base.lastbuildstate".
     1>Done Building Project "C:\Users\Alastair\Documents\KGE\KG Engine Base\KG Engine Base.vcxproj" (build target(s)).

Build succeeded.

Time Elapsed 00:00:01.76
